# JRE version: Java(TM) SE Runtime Environment (8.0_20-b26) (build 1.8.0_20-b26)
# Java VM: Java HotSpot(TM) 64-Bit Server VM (25.20-b23 mixed mode windows-amd64 compressed oops)
Heap:
 PSYoungGen      total 45056K, used 40538K [0x00000000e5980000, 0x00000000e8880000, 0x0000000100000000)
  eden space 41984K, 96% used [0x00000000e5980000,0x00000000e81168a8,0x00000000e8280000)
  from space 3072K, 0% used [0x00000000e8580000,0x00000000e8580000,0x00000000e8880000)
  to   space 3072K, 0% used [0x00000000e8280000,0x00000000e8280000,0x00000000e8580000)
 ParOldGen       total 80896K, used 13027K [0x00000000b0c00000, 0x00000000b5b00000, 0x00000000e5980000)
  object space 80896K, 16% used [0x00000000b0c00000,0x00000000b18b8e88,0x00000000b5b00000)
 Metaspace       used 9967K, capacity 10110K, committed 10240K, reserved 1058816K
  class space    used 1184K, capacity 1219K, committed 1280K, reserved 1048576K
GC Heap History (6 events):
Event: 0.569 GC heap before
{Heap before GC invocations=1 (full 0):
 PSYoungGen      total 24064K, used 20992K [0x00000000e5980000, 0x00000000e7400000, 0x0000000100000000)
  eden space 20992K, 100% used [0x00000000e5980000,0x00000000e6e00000,0x00000000e6e00000)
  from space 3072K, 0% used [0x00000000e7100000,0x00000000e7100000,0x00000000e7400000)
  to   space 3072K, 0% used [0x00000000e6e00000,0x00000000e6e00000,0x00000000e7100000)
 ParOldGen       total 54784K, used 0K [0x00000000b0c00000, 0x00000000b4180000, 0x00000000e5980000)
  object space 54784K, 0% used [0x00000000b0c00000,0x00000000b0c00000,0x00000000b4180000)
 Metaspace       used 7560K, capacity 7714K, committed 7936K, reserved 1056768K
  class space    used 886K, capacity 961K, committed 1024K, reserved 1048576K
Event: 0.586 GC heap after
Heap after GC invocations=1 (full 0):
 PSYoungGen      total 24064K, used 1440K [0x00000000e5980000, 0x00000000e8880000, 0x0000000100000000)
  eden space 20992K, 0% used [0x00000000e5980000,0x00000000e5980000,0x00000000e6e00000)
  from space 3072K, 46% used [0x00000000e6e00000,0x00000000e6f68020,0x00000000e7100000)
  to   space 3072K, 0% used [0x00000000e8580000,0x00000000e8580000,0x00000000e8880000)
 ParOldGen       total 54784K, used 24308K [0x00000000b0c00000, 0x00000000b4180000, 0x00000000e5980000)
  object space 54784K, 44% used [0x00000000b0c00000,0x00000000b23bd030,0x00000000b4180000)
 Metaspace       used 7560K, capacity 7714K, committed 7936K, reserved 1056768K
  class space    used 886K, capacity 961K, committed 1024K, reserved 1048576K
}
Event: 1.422 GC heap before
{Heap before GC invocations=2 (full 0):
 PSYoungGen      total 24064K, used 22432K [0x00000000e5980000, 0x00000000e8880000, 0x0000000100000000)
  eden space 20992K, 100% used [0x00000000e5980000,0x00000000e6e00000,0x00000000e6e00000)
  from space 3072K, 46% used [0x00000000e6e00000,0x00000000e6f68020,0x00000000e7100000)
  to   space 3072K, 0% used [0x00000000e8580000,0x00000000e8580000,0x00000000e8880000)
 ParOldGen       total 54784K, used 24308K [0x00000000b0c00000, 0x00000000b4180000, 0x00000000e5980000)
  object space 54784K, 44% used [0x00000000b0c00000,0x00000000b23bd030,0x00000000b4180000)
 Metaspace       used 9604K, capacity 9752K, committed 9984K, reserved 1058816K
  class space    used 1125K, capacity 1188K, committed 1280K, reserved 1048576K
Event: 1.433 GC heap after
Heap after GC invocations=2 (full 0):
 PSYoungGen      total 45056K, used 3053K [0x00000000e5980000, 0x00000000e8880000, 0x0000000100000000)
  eden space 41984K, 0% used [0x00000000e5980000,0x00000000e5980000,0x00000000e8280000)
  from space 3072K, 99% used [0x00000000e8580000,0x00000000e887b790,0x00000000e8880000)
  to   space 3072K, 0% used [0x00000000e8280000,0x00000000e8280000,0x00000000e8580000)
 ParOldGen       total 54784K, used 26530K [0x00000000b0c00000, 0x00000000b4180000, 0x00000000e5980000)
  object space 54784K, 48% used [0x00000000b0c00000,0x00000000b25e8978,0x00000000b4180000)
 Metaspace       used 9604K, capacity 9752K, committed 9984K, reserved 1058816K
  class space    used 1125K, capacity 1188K, committed 1280K, reserved 1048576K
}
Event: 1.433 GC heap before
{Heap before GC invocations=3 (full 1):
 PSYoungGen      total 45056K, used 3053K [0x00000000e5980000, 0x00000000e8880000, 0x0000000100000000)
  eden space 41984K, 0% used [0x00000000e5980000,0x00000000e5980000,0x00000000e8280000)
  from space 3072K, 99% used [0x00000000e8580000,0x00000000e887b790,0x00000000e8880000)
  to   space 3072K, 0% used [0x00000000e8280000,0x00000000e8280000,0x00000000e8580000)
 ParOldGen       total 54784K, used 26530K [0x00000000b0c00000, 0x00000000b4180000, 0x00000000e5980000)
  object space 54784K, 48% used [0x00000000b0c00000,0x00000000b25e8978,0x00000000b4180000)
 Metaspace       used 9604K, capacity 9752K, committed 9984K, reserved 1058816K
  class space    used 1125K, capacity 1188K, committed 1280K, reserved 1048576K
Event: 1.546 GC heap after
Heap after GC invocations=3 (full 1):
 PSYoungGen      total 45056K, used 0K [0x00000000e5980000, 0x00000000e8880000, 0x0000000100000000)
  eden space 41984K, 0% used [0x00000000e5980000,0x00000000e5980000,0x00000000e8280000)
  from space 3072K, 0% used [0x00000000e8580000,0x00000000e8580000,0x00000000e8880000)
  to   space 3072K, 0% used [0x00000000e8280000,0x00000000e8280000,0x00000000e8580000)
 ParOldGen       total 80896K, used 13027K [0x00000000b0c00000, 0x00000000b5b00000, 0x00000000e5980000)
  object space 80896K, 16% used [0x00000000b0c00000,0x00000000b18b8e88,0x00000000b5b00000)
 Metaspace       used 9602K, capacity 9750K, committed 9984K, reserved 1058816K
  class space    used 1124K, capacity 1187K, committed 1280K, reserved 1048576K
}

