# JRE version: Java(TM) SE Runtime Environment (8.0_20-b26) (build 1.8.0_20-b26)
# Java VM: Java HotSpot(TM) 64-Bit Server VM (25.20-b23 mixed mode windows-amd64 compressed oops)
Heap:
 PSYoungGen      total 56832K, used 4674K [0x00000000e5980000, 0x00000000e9680000, 0x0000000100000000)
  eden space 55296K, 6% used [0x00000000e5980000,0x00000000e5ce8a10,0x00000000e8f80000)
  from space 1536K, 77% used [0x00000000e9500000,0x00000000e9628000,0x00000000e9680000)
  to   space 3072K, 0% used [0x00000000e9080000,0x00000000e9080000,0x00000000e9380000)
 ParOldGen       total 75776K, used 12216K [0x00000000b0c00000, 0x00000000b5600000, 0x00000000e5980000)
  object space 75776K, 16% used [0x00000000b0c00000,0x00000000b17ee2e0,0x00000000b5600000)
 Metaspace       used 9981K, capacity 10102K, committed 10240K, reserved 1058816K
  class space    used 1158K, capacity 1219K, committed 1280K, reserved 1048576K
GC Heap History (10 events):
Event: 1.283 GC heap before
{Heap before GC invocations=1 (full 0):
 PSYoungGen      total 24064K, used 20992K [0x00000000e5980000, 0x00000000e7400000, 0x0000000100000000)
  eden space 20992K, 100% used [0x00000000e5980000,0x00000000e6e00000,0x00000000e6e00000)
  from space 3072K, 0% used [0x00000000e7100000,0x00000000e7100000,0x00000000e7400000)
  to   space 3072K, 0% used [0x00000000e6e00000,0x00000000e6e00000,0x00000000e7100000)
 ParOldGen       total 54784K, used 0K [0x00000000b0c00000, 0x00000000b4180000, 0x00000000e5980000)
  object space 54784K, 0% used [0x00000000b0c00000,0x00000000b0c00000,0x00000000b4180000)
 Metaspace       used 7646K, capacity 7770K, committed 7936K, reserved 1056768K
  class space    used 886K, capacity 961K, committed 1024K, reserved 1048576K
Event: 1.297 GC heap after
Heap after GC invocations=1 (full 0):
 PSYoungGen      total 24064K, used 1408K [0x00000000e5980000, 0x00000000e8880000, 0x0000000100000000)
  eden space 20992K, 0% used [0x00000000e5980000,0x00000000e5980000,0x00000000e6e00000)
  from space 3072K, 45% used [0x00000000e6e00000,0x00000000e6f60020,0x00000000e7100000)
  to   space 3072K, 0% used [0x00000000e8580000,0x00000000e8580000,0x00000000e8880000)
 ParOldGen       total 54784K, used 24308K [0x00000000b0c00000, 0x00000000b4180000, 0x00000000e5980000)
  object space 54784K, 44% used [0x00000000b0c00000,0x00000000b23bd030,0x00000000b4180000)
 Metaspace       used 7646K, capacity 7770K, committed 7936K, reserved 1056768K
  class space    used 886K, capacity 961K, committed 1024K, reserved 1048576K
}
Event: 2.127 GC heap before
{Heap before GC invocations=2 (full 0):
 PSYoungGen      total 24064K, used 22400K [0x00000000e5980000, 0x00000000e8880000, 0x0000000100000000)
  eden space 20992K, 100% used [0x00000000e5980000,0x00000000e6e00000,0x00000000e6e00000)
  from space 3072K, 45% used [0x00000000e6e00000,0x00000000e6f60020,0x00000000e7100000)
  to   space 3072K, 0% used [0x00000000e8580000,0x00000000e8580000,0x00000000e8880000)
 ParOldGen       total 54784K, used 24308K [0x00000000b0c00000, 0x00000000b4180000, 0x00000000e5980000)
  object space 54784K, 44% used [0x00000000b0c00000,0x00000000b23bd030,0x00000000b4180000)
 Metaspace       used 9603K, capacity 9712K, committed 9984K, reserved 1058816K
  class space    used 1120K, capacity 1156K, committed 1280K, reserved 1048576K
Event: 2.137 GC heap after
Heap after GC invocations=2 (full 0):
 PSYoungGen      total 45056K, used 3053K [0x00000000e5980000, 0x00000000e8880000, 0x0000000100000000)
  eden space 41984K, 0% used [0x00000000e5980000,0x00000000e5980000,0x00000000e8280000)
  from space 3072K, 99% used [0x00000000e8580000,0x00000000e887b790,0x00000000e8880000)
  to   space 3072K, 0% used [0x00000000e8280000,0x00000000e8280000,0x00000000e8580000)
 ParOldGen       total 54784K, used 25323K [0x00000000b0c00000, 0x00000000b4180000, 0x00000000e5980000)
  object space 54784K, 46% used [0x00000000b0c00000,0x00000000b24baea8,0x00000000b4180000)
 Metaspace       used 9603K, capacity 9712K, committed 9984K, reserved 1058816K
  class space    used 1120K, capacity 1156K, committed 1280K, reserved 1048576K
}
Event: 2.137 GC heap before
{Heap before GC invocations=3 (full 1):
 PSYoungGen      total 45056K, used 3053K [0x00000000e5980000, 0x00000000e8880000, 0x0000000100000000)
  eden space 41984K, 0% used [0x00000000e5980000,0x00000000e5980000,0x00000000e8280000)
  from space 3072K, 99% used [0x00000000e8580000,0x00000000e887b790,0x00000000e8880000)
  to   space 3072K, 0% used [0x00000000e8280000,0x00000000e8280000,0x00000000e8580000)
 ParOldGen       total 54784K, used 25323K [0x00000000b0c00000, 0x00000000b4180000, 0x00000000e5980000)
  object space 54784K, 46% used [0x00000000b0c00000,0x00000000b24baea8,0x00000000b4180000)
 Metaspace       used 9603K, capacity 9712K, committed 9984K, reserved 1058816K
  class space    used 1120K, capacity 1156K, committed 1280K, reserved 1048576K
Event: 2.166 GC heap after
Heap after GC invocations=3 (full 1):
 PSYoungGen      total 45056K, used 0K [0x00000000e5980000, 0x00000000e8880000, 0x0000000100000000)
  eden space 41984K, 0% used [0x00000000e5980000,0x00000000e5980000,0x00000000e8280000)
  from space 3072K, 0% used [0x00000000e8580000,0x00000000e8580000,0x00000000e8880000)
  to   space 3072K, 0% used [0x00000000e8280000,0x00000000e8280000,0x00000000e8580000)
 ParOldGen       total 75776K, used 12200K [0x00000000b0c00000, 0x00000000b5600000, 0x00000000e5980000)
  object space 75776K, 16% used [0x00000000b0c00000,0x00000000b17ea2e0,0x00000000b5600000)
 Metaspace       used 9602K, capacity 9710K, committed 9984K, reserved 1058816K
  class space    used 1119K, capacity 1155K, committed 1280K, reserved 1048576K
}
Event: 3.704 GC heap before
{Heap before GC invocations=4 (full 1):
 PSYoungGen      total 45056K, used 41984K [0x00000000e5980000, 0x00000000e8880000, 0x0000000100000000)
  eden space 41984K, 100% used [0x00000000e5980000,0x00000000e8280000,0x00000000e8280000)
  from space 3072K, 0% used [0x00000000e8580000,0x00000000e8580000,0x00000000e8880000)
  to   space 3072K, 0% used [0x00000000e8280000,0x00000000e8280000,0x00000000e8580000)
 ParOldGen       total 75776K, used 12200K [0x00000000b0c00000, 0x00000000b5600000, 0x00000000e5980000)
  object space 75776K, 16% used [0x00000000b0c00000,0x00000000b17ea2e0,0x00000000b5600000)
 Metaspace       used 9977K, capacity 10102K, committed 10240K, reserved 1058816K
  class space    used 1158K, capacity 1219K, committed 1280K, reserved 1048576K
Event: 3.712 GC heap after
Heap after GC invocations=4 (full 1):
 PSYoungGen      total 45056K, used 1200K [0x00000000e5980000, 0x00000000e9800000, 0x0000000100000000)
  eden space 41984K, 0% used [0x00000000e5980000,0x00000000e5980000,0x00000000e8280000)
  from space 3072K, 39% used [0x00000000e8280000,0x00000000e83ac010,0x00000000e8580000)
  to   space 3072K, 0% used [0x00000000e9500000,0x00000000e9500000,0x00000000e9800000)
 ParOldGen       total 75776K, used 12208K [0x00000000b0c00000, 0x00000000b5600000, 0x00000000e5980000)
  object space 75776K, 16% used [0x00000000b0c00000,0x00000000b17ec2e0,0x00000000b5600000)
 Metaspace       used 9977K, capacity 10102K, committed 10240K, reserved 1058816K
  class space    used 1158K, capacity 1219K, committed 1280K, reserved 1048576K
}
Event: 20.542 GC heap before
{Heap before GC invocations=5 (full 1):
 PSYoungGen      total 45056K, used 43184K [0x00000000e5980000, 0x00000000e9800000, 0x0000000100000000)
  eden space 41984K, 100% used [0x00000000e5980000,0x00000000e8280000,0x00000000e8280000)
  from space 3072K, 39% used [0x00000000e8280000,0x00000000e83ac010,0x00000000e8580000)
  to   space 3072K, 0% used [0x00000000e9500000,0x00000000e9500000,0x00000000e9800000)
 ParOldGen       total 75776K, used 12208K [0x00000000b0c00000, 0x00000000b5600000, 0x00000000e5980000)
  object space 75776K, 16% used [0x00000000b0c00000,0x00000000b17ec2e0,0x00000000b5600000)
 Metaspace       used 9981K, capacity 10102K, committed 10240K, reserved 1058816K
  class space    used 1158K, capacity 1219K, committed 1280K, reserved 1048576K
Event: 20.545 GC heap after
Heap after GC invocations=5 (full 1):
 PSYoungGen      total 56832K, used 1184K [0x00000000e5980000, 0x00000000e9680000, 0x0000000100000000)
  eden space 55296K, 0% used [0x00000000e5980000,0x00000000e5980000,0x00000000e8f80000)
  from space 1536K, 77% used [0x00000000e9500000,0x00000000e9628000,0x00000000e9680000)
  to   space 3072K, 0% used [0x00000000e9080000,0x00000000e9080000,0x00000000e9380000)
 ParOldGen       total 75776K, used 12216K [0x00000000b0c00000, 0x00000000b5600000, 0x00000000e5980000)
  object space 75776K, 16% used [0x00000000b0c00000,0x00000000b17ee2e0,0x00000000b5600000)
 Metaspace       used 9981K, capacity 10102K, committed 10240K, reserved 1058816K
  class space    used 1158K, capacity 1219K, committed 1280K, reserved 1048576K
}

